<?xml version="1.0" encoding="UTF-8"?>
<!-- Generated by org.testng.reporters.JUnitXMLReporter -->
<testsuite ignored="0" hostname="BIOS-PC05" failures="1" tests="1" name="Cucumber Tests" time="43.799" errors="0" timestamp="2026-05-04T16:09:51 SAST">
  <testcase classname="io.cucumber.testng.AbstractTestNGCucumberTests" name="runScenario" time="41.564">
    <failure type="java.lang.AssertionError" message="expected [testuser2463@test.com] but found [My account]">
      <![CDATA[java.lang.AssertionError: expected [testuser2463@test.com] but found [My account]
at com.demowebshop.stepDefinitions.LoginSteps.userShouldBeLoggedInSuccessfully(LoginSteps.java:29)
at ✽.User should be logged in successfully(file:///C:/Users/Gregory%20Zwane/IdeaProjects/DemoWebShopWebsite/src/test/resources/features/demowebshop.feature:14)
... Removed 6 stack frames]]>
    </failure>
  </testcase> <!-- runScenario -->
</testsuite> <!-- Cucumber Tests -->
