<?xml version="1.0" encoding="UTF-8"?>
<testng-results ignored="0" total="1" passed="1" failed="0" skipped="0">
  <reporter-output>
  </reporter-output>
  <suite started-at="2026-05-18T17:21:53 SAST" name="Surefire suite" finished-at="2026-05-18T17:22:54 SAST" duration-ms="60599">
    <groups>
      <group name="cucumber">
        <method signature="AbstractTestNGCucumberTests.runScenario(io.cucumber.testng.PickleWrapper,io.cucumber.testng.FeatureWrapper)[pri:0, instance:com.demowebshop.runners.TestRunner@70e8f8e]" name="runScenario" class="io.cucumber.testng.AbstractTestNGCucumberTests"/>
      </group> <!-- cucumber -->
    </groups>
    <test started-at="2026-05-18T17:21:53 SAST" name="Surefire test" finished-at="2026-05-18T17:22:54 SAST" duration-ms="60599">
      <class name="com.demowebshop.runners.TestRunner">
        <test-method is-config="true" signature="setUpClass(org.testng.ITestContext)[pri:0, instance:com.demowebshop.runners.TestRunner@70e8f8e]" started-at="2026-05-18T17:21:53 SAST" name="setUpClass" finished-at="2026-05-18T17:21:54 SAST" duration-ms="1242" status="PASS">
          <params>
            <param index="0">
              <value>
                <![CDATA[org.testng.TestRunner@42383cb0]]>
              </value>
            </param>
          </params>
          <reporter-output>
          </reporter-output>
        </test-method> <!-- setUpClass -->
        <test-method signature="runScenario(io.cucumber.testng.PickleWrapper,io.cucumber.testng.FeatureWrapper)[pri:0, instance:com.demowebshop.runners.TestRunner@70e8f8e]" started-at="2026-05-18T17:21:54 SAST" name="runScenario" description="Runs Cucumber Scenarios" data-provider="scenarios" finished-at="2026-05-18T17:22:53 SAST" duration-ms="59027" status="PASS">
          <params>
            <param index="0">
              <value>
                <![CDATA["Register, Login and Place Order for Computer"]]>
              </value>
            </param>
            <param index="1">
              <value>
                <![CDATA["Demo Web Shop E-commerce Testing"]]>
              </value>
            </param>
          </params>
          <reporter-output>
          </reporter-output>
        </test-method> <!-- runScenario -->
        <test-method is-config="true" signature="tearDownClass()[pri:0, instance:com.demowebshop.runners.TestRunner@70e8f8e]" started-at="2026-05-18T17:22:53 SAST" name="tearDownClass" finished-at="2026-05-18T17:22:54 SAST" duration-ms="212" status="PASS">
          <reporter-output>
          </reporter-output>
        </test-method> <!-- tearDownClass -->
      </class> <!-- com.demowebshop.runners.TestRunner -->
    </test> <!-- Surefire test -->
  </suite> <!-- Surefire suite -->
</testng-results>
