<?xml version="1.0" encoding="UTF-8"?>
<!-- Generated by org.testng.reporters.JUnitReportReporter -->
<testsuite hostname="BIOS-PC05" failures="1" tests="1" name="com.demowebshop.runners.TestRunner" time="36.682" errors="0" timestamp="2026-05-04T13:12:09 SAST" skipped="0">
  <testcase classname="com.demowebshop.runners.TestRunner" name="runScenario" time="36.682">
    <failure message="expected [testuser9683@test.com] but found [My account]" type="java.lang.AssertionError">
      <![CDATA[java.lang.AssertionError: expected [testuser9683@test.com] but found [My account]
at org.testng.Assert.fail(Assert.java:111)
at org.testng.Assert.failNotEquals(Assert.java:1578)
at org.testng.Assert.assertEqualsImpl(Assert.java:150)
at org.testng.Assert.assertEquals(Assert.java:132)
at org.testng.Assert.assertEquals(Assert.java:656)
at org.testng.Assert.assertEquals(Assert.java:666)
at com.demowebshop.stepDefinitions.LoginSteps.userShouldBeLoggedInSuccessfully(LoginSteps.java:30)
at ✽.User should be logged in successfully(file:///C:/Users/Gregory%20Zwane/IdeaProjects/DemoWebShopWebsite/src/test/resources/features/demowebshop.feature:14)
]]>
    </failure>
  </testcase> <!-- runScenario -->
</testsuite> <!-- com.demowebshop.runners.TestRunner -->
